<?xml version="1.0" encoding="UTF-8" ?>
<testsuite tests="3" failures="3" name="net.ddns.arnautovevgeny.pricelist.AutomationTest" time="7.163" errors="0" skipped="0">
  <properties>
[...]
</properties>
  <testcase classname="net.ddns.arnautovevgeny.pricelist.AutomationTest" name="testViaProducerConsumer" time="3.377">
    <failure message="expected: java.util.concurrent.ConcurrentSkipListSet&lt;[Product(id=16986, name=product 16986, condition=new, state=ok, price=0.03), Product(id=36349, name=product 36349, condition=new, state=ok, price=0.03), Product(id=61232, name=product 61232, condition=new, state=ok, price=0.03), Product(id=94076, name=product 94076, condition=new, state=ok, price=0.03), Product(id=19575, name=product 19575, condition=new, state=ok, price=0.04), Product(id=2131, name=product 2131, condition=new, state=ok, price=0.04), Product(id=13075, name=product 13075, condition=new, state=ok, price=0.05), Product(id=13547, name=product 13547, condition=new, state=ok, price=0.05), Product(id=785, name=product 785, condition=new, state=ok, price=0.05), Product(id=46038, name=product 46038, condition=new, state=ok, price=0.06), Product(id=6236, name=product 6236, condition=new, state=ok, price=0.06), Product(id=66777, name=product 66777, condition=new, state=ok, price=0.06), Product(id=47928, name=product 47928, condition=new, state=ok, price=0.07), Product(id=1087, name=product 1087, condition=new, state=ok, price=0.08), Product(id=40478, name=product 40478, condition=new, state=ok, price=0.08), Product(id=96632, name=product 96632, condition=new, state=ok, price=0.08), Product(id=1990, name=product 1990, condition=new, state=ok, price=0.09), Product(id=24817, name=product 24817, condition=new, state=ok, price=0.09), Product(id=20761, name=product 20761, condition=new, state=ok, price=0.1), Product(id=94385, name=product 94385, condition=new, state=ok, price=0.1), Product(id=4729, name=product 4729, condition=new, state=ok, price=0.11), Product(id=96690, name=product 96690, condition=new, state=ok, price=0.12), Product(id=11120, name=product 11120, condition=new, state=ok, price=0.13), Product(id=36739, name=product 36739, condition=new, state=ok, price=0.13), Product(id=26320, name=product 26320, condition=new, state=ok, price=0.14), Product(id=28860, name=product 28860, condition=new, state=ok, price=0.14), Product(id=36634, name=product 36634, condition=new, state=ok, price=0.14), Product(id=83632, name=product 83632, condition=new, state=ok, price=0.14), Product(id=1530, name=product 1530, condition=new, state=ok, price=0.15), Product(id=45135, name=product 45135, condition=new, state=ok, price=0.15), Product(id=47424, name=product 47424, condition=new, state=ok, price=0.15), Product(id=62629, name=product 62629, condition=new, state=ok, price=0.16), Product(id=16561, name=product 16561, condition=new, state=ok, price=0.18), Product(id=33744, name=product 33744, condition=new, state=ok, price=0.18), Product(id=4616, name=product 4616, condition=new, state=ok, price=0.19), Product(id=66269, name=product 66269, condition=new, state=ok, price=0.19), Product(id=48182, name=product 48182, condition=new, state=ok, price=0.2), Product(id=84114, name=product 84114, condition=new, state=ok, price=0.2), Product(id=16734, name=product 16734, condition=new, state=ok, price=0.21), Product(id=5156, name=product 5156, condition=new, state=ok, price=0.21), Product(id=86143, name=product 86143, condition=new, state=ok, price=0.21), Product(id=34758, name=product 34758, condition=new, state=ok, price=0.22), Product(id=9200, name=product 9200, condition=new, state=ok, price=0.22), Product(id=47714, name=product 47714, condition=new, state=ok, price=0.23), Product(id=28285, name=product 28285, condition=new, state=ok, price=0.24), Product(id=25964, name=product 25964, condition=new, state=ok, price=0.25), Product(id=8775, name=product 8775, condition=new, state=ok, price=0.25), Product(id=31999, name=product 31999, condition=new, state=ok, price=0.26), Product(id=32763, name=product 32763, condition=new, state=ok, price=0.26), Product(id=20740, name=product 20740, condition=new, state=ok, price=0.27), Product(id=6740, name=product 6740, condition=new, state=ok, price=0.27), Product(id=11588, name=product 11588, condition=new, state=ok, price=0.28), Product(id=428, name=product 428, condition=new, state=ok, price=0.28), Product(id=31984, name=product 31984, condition=new, state=ok, price=0.29), Product(id=3061, name=product 3061, condition=new, state=ok, price=0.3), Product(id=45316, name=product 45316, condition=new, state=ok, price=0.3), Product(id=48202, name=product 48202, condition=new, state=ok, price=0.3), Product(id=18818, name=product 18818, condition=new, state=ok, price=0.31), Product(id=35741, name=product 35741, condition=new, state=ok, price=0.31), Product(id=65330, name=product 65330, condition=new, state=ok, price=0.31), Product(id=84274, name=product 84274, condition=new, state=ok, price=0.31), Product(id=88168, name=product 88168, condition=new, state=ok, price=0.32), Product(id=22637, name=product 22637, condition=new, state=ok, price=0.33), Product(id=2459, name=product 2459, condition=new, state=ok, price=0.33), Product(id=10042, name=product 10042, condition=new, state=ok, price=0.34), Product(id=12146, name=product 12146, condition=new, state=ok, price=0.34), Product(id=45187, name=product 45187, condition=new, state=ok, price=0.34), Product(id=60897, name=product 60897, condition=new, state=ok, price=0.34), Product(id=4317, name=product 4317, condition=new, state=ok, price=0.35), Product(id=62823, name=product 62823, condition=new, state=ok, price=0.36), Product(id=80532, name=product 80532, condition=new, state=ok, price=0.36), Product(id=9307, name=product 9307, condition=new, state=ok, price=0.36), Product(id=11601, name=product 11601, condition=new, state=ok, price=0.37), Product(id=36372, name=product 36372, condition=new, state=ok, price=0.37), Product(id=21218, name=product 21218, condition=new, state=ok, price=0.38), Product(id=10953, name=product 10953, condition=new, state=ok, price=0.39), Product(id=21458, name=product 21458, condition=new, state=ok, price=0.39), Product(id=36322, name=product 36322, condition=new, state=ok, price=0.39), Product(id=20187, name=product 20187, condition=new, state=ok, price=0.4), Product(id=55487, name=product 55487, condition=new, state=ok, price=0.4), Product(id=8547, name=product 8547, condition=new, state=ok, price=0.41), Product(id=7429, name=product 7429, condition=new, state=ok, price=0.42), Product(id=11385, name=product 11385, condition=new, state=ok, price=0.43), Product(id=50342, name=product 50342, condition=new, state=ok, price=0.43), Product(id=16788, name=product 16788, condition=new, state=ok, price=0.45), Product(id=22733, name=product 22733, condition=new, state=ok, price=0.46), Product(id=6000, name=product 6000, condition=new, state=ok, price=0.46), Product(id=27066, name=product 27066, condition=new, state=ok, price=0.47), Product(id=7916, name=product 7916, condition=new, state=ok, price=0.47), Product(id=12256, name=product 12256, condition=new, state=ok, price=0.48), Product(id=11813, name=product 11813, condition=new, state=ok, price=0.49), Product(id=37260, name=product 37260, condition=new, state=ok, price=0.49), Product(id=99090, name=product 99090, condition=new, state=ok, price=0.49), Product(id=1256, name=product 1256, condition=new, state=ok, price=0.5), Product(id=9382, name=product 9382, condition=new, state=ok, price=0.5), Product(id=9846, name=product 9846, condition=new, state=ok, price=0.5), Product(id=3088, name=product 3088, condition=new, state=ok, price=0.51), Product(id=33205, name=product 33205, condition=new, state=ok, price=0.51), Product(id=39175, name=product 39175, condition=new, state=ok, price=0.51), Product(id=41082, name=product 41082, condition=new, state=ok, price=0.51), Product(id=4860, name=product 4860, condition=new, state=ok, price=0.51), Product(id=78827, name=product 78827, condition=new, state=ok, price=0.51), Product(id=12793, name=product 12793, condition=new, state=ok, price=0.52), Product(id=23099, name=product 23099, condition=new, state=ok, price=0.52), Product(id=5245, name=product 5245, condition=new, state=ok, price=0.52), Product(id=1815, name=product 1815, condition=new, state=ok, price=0.53), Product(id=26313, name=product 26313, condition=new, state=ok, price=0.54), Product(id=5297, name=product 5297, condition=new, state=ok, price=0.54), Product(id=59588, name=product 59588, condition=new, state=ok, price=0.54), Product(id=71249, name=product 71249, condition=new, state=ok, price=0.54), Product(id=10153, name=product 10153, condition=new, state=ok, price=0.55), Product(id=26403, name=product 26403, condition=new, state=ok, price=0.55), Product(id=7657, name=product 7657, condition=new, state=ok, price=0.55), Product(id=92166, name=product 92166, condition=new, state=ok, price=0.55), Product(id=29757, name=product 29757, condition=new, state=ok, price=0.58), Product(id=8033, name=product 8033, condition=new, state=ok, price=0.58), Product(id=8256, name=product 8256, condition=new, state=ok, price=0.59), Product(id=10569, name=product 10569, condition=new, state=ok, price=0.61), Product(id=3765, name=product 3765, condition=new, state=ok, price=0.61), Product(id=33418, name=product 33418, condition=new, state=ok, price=0.62), Product(id=19584, name=product 19584, condition=new, state=ok, price=0.63), Product(id=3588, name=product 3588, condition=new, state=ok, price=0.63), Product(id=8398, name=product 8398, condition=new, state=ok, price=0.63), Product(id=1332, name=product 1332, condition=new, state=ok, price=0.64), Product(id=12362, name=product 12362, condition=new, state=ok, price=0.65), Product(id=55929, name=product 55929, condition=new, state=ok, price=0.65), Product(id=70644, name=product 70644, condition=new, state=ok, price=0.65), Product(id=990, name=product 990, condition=new, state=ok, price=0.65), Product(id=97284, name=product 97284, condition=new, state=ok, price=0.67), Product(id=62412, name=product 62412, condition=new, state=ok, price=0.68), Product(id=124, name=product 124, condition=new, state=ok, price=0.69), Product(id=33916, name=product 33916, condition=new, state=ok, price=0.69), Product(id=76630, name=product 76630, condition=new, state=ok, price=0.69), Product(id=92217, name=product 92217, condition=new, state=ok, price=0.69), Product(id=56476, name=product 56476, condition=new, state=ok, price=0.7), Product(id=97944, name=product 97944, condition=new, state=ok, price=0.7), Product(id=2054, name=product 2054, condition=new, state=ok, price=0.71), Product(id=2102, name=product 2102, condition=new, state=ok, price=0.71), Product(id=34148, name=product 34148, condition=new, state=ok, price=0.71), Product(id=6060, name=product 6060, condition=new, state=ok, price=0.71), Product(id=91388, name=product 91388, condition=new, state=ok, price=0.71), Product(id=7907, name=product 7907, condition=new, state=ok, price=0.72), Product(id=42513, name=product 42513, condition=new, state=ok, price=0.74), Product(id=6852, name=product 6852, condition=new, state=ok, price=0.74), Product(id=91359, name=product 91359, condition=new, state=ok, price=0.75), Product(id=94987, name=product 94987, condition=new, state=ok, price=0.75), Product(id=42021, name=product 42021, condition=new, state=ok, price=0.77), Product(id=14678, name=product 14678, condition=new, state=ok, price=0.78), Product(id=23803, name=product 23803, condition=new, state=ok, price=0.78), Product(id=15452, name=product 15452, condition=new, state=ok, price=0.79), Product(id=2542, name=product 2542, condition=new, state=ok, price=0.79), Product(id=36534, name=product 36534, condition=new, state=ok, price=0.79), Product(id=36631, name=product 36631, condition=new, state=ok, price=0.79), Product(id=15673, name=product 15673, condition=new, state=ok, price=0.8), Product(id=29327, name=product 29327, condition=new, state=ok, price=0.8), Product(id=42025, name=product 42025, condition=new, state=ok, price=0.8), Product(id=12416, name=product 12416, condition=new, state=ok, price=0.81), Product(id=13085, name=product 13085, condition=new, state=ok, price=0.81), Product(id=3060, name=product 3060, condition=new, state=ok, price=0.81), Product(id=52519, name=product 52519, condition=new, state=ok, price=0.81), Product(id=56700, name=product 56700, condition=new, state=ok, price=0.82), Product(id=3167, name=product 3167, condition=new, state=ok, price=0.83), Product(id=35034, name=product 35034, condition=new, state=ok, price=0.84), Product(id=38786, name=product 38786, condition=new, state=ok, price=0.84), Product(id=1821, name=product 1821, condition=new, state=ok, price=0.85), Product(id=7287, name=product 7287, condition=new, state=ok, price=0.85), Product(id=91511, name=product 91511, condition=new, state=ok, price=0.85), Product(id=41135, name=product 41135, condition=new, state=ok, price=0.86), Product(id=17110, name=product 17110, condition=new, state=ok, price=0.88), Product(id=4129, name=product 4129, condition=new, state=ok, price=0.88), Product(id=70243, name=product 70243, condition=new, state=ok, price=0.88), Product(id=81009, name=product 81009, condition=new, state=ok, price=0.88), Product(id=82672, name=product 82672, condition=new, state=ok, price=0.88), Product(id=46319, name=product 46319, condition=new, state=ok, price=0.89), Product(id=91369, name=product 91369, condition=new, state=ok, price=0.9), Product(id=39811, name=product 39811, condition=new, state=ok, price=0.92), Product(id=401, name=product 401, condition=new, state=ok, price=0.92), Product(id=7721, name=product 7721, condition=new, state=ok, price=0.92), Product(id=7922, name=product 7922, condition=new, state=ok, price=0.93), Product(id=15064, name=product 15064, condition=new, state=ok, price=0.94), Product(id=1276, name=product 1276, condition=new, state=ok, price=0.95), Product(id=18677, name=product 18677, condition=new, state=ok, price=0.95), Product(id=23628, name=product 23628, condition=new, state=ok, price=0.95), Product(id=69437, name=product 69437, condition=new, state=ok, price=0.95), Product(id=18754, name=product 18754, condition=new, state=ok, price=0.96), Product(id=3856, name=product 3856, condition=new, state=ok, price=0.96), Product(id=92627, name=product 92627, condition=new, state=ok, price=0.96), Product(id=17471, name=product 17471, condition=new, state=ok, price=0.97), Product(id=28721, name=product 28721, condition=new, state=ok, price=0.97), Product(id=38118, name=product 38118, condition=new, state=ok, price=0.97), Product(id=50035, name=product 50035, condition=new, state=ok, price=0.97), Product(id=83032, name=product 83032, condition=new, state=ok, price=0.97), Product(id=14314, name=product 14314, condition=new, state=ok, price=0.98), Product(id=36057, name=product 36057, condition=new, state=ok, price=0.98), Product(id=4104, name=product 4104, condition=new, state=ok, price=0.98), Product(id=5799, name=product 5799, condition=new, state=ok, price=0.98), Product(id=9305, name=product 9305, condition=new, state=ok, price=0.98), Product(id=11197, name=product 11197, condition=new, state=ok, price=0.99), Product(id=56086, name=product 56086, condition=new, state=ok, price=0.99), Product(id=98038, name=product 98038, condition=new, state=ok, price=0.99), Product(id=10125, name=product 10125, condition=new, state=ok, price=1.01), Product(id=13377, name=product 13377, condition=new, state=ok, price=1.02), Product(id=70214, name=product 70214, condition=new, state=ok, price=1.02), Product(id=7821, name=product 7821, condition=new, state=ok, price=1.02), Product(id=78758, name=product 78758, condition=new, state=ok, price=1.02), Product(id=93435, name=product 93435, condition=new, state=ok, price=1.02), Product(id=10808, name=product 10808, condition=new, state=ok, price=1.03), Product(id=89830, name=product 89830, condition=new, state=ok, price=1.03), Product(id=18633, name=product 18633, condition=new, state=ok, price=1.04), Product(id=82811, name=product 82811, condition=new, state=ok, price=1.05), Product(id=26763, name=product 26763, condition=new, state=ok, price=1.06), Product(id=33321, name=product 33321, condition=new, state=ok, price=1.07), Product(id=41674, name=product 41674, condition=new, state=ok, price=1.08), Product(id=23336, name=product 23336, condition=new, state=ok, price=1.09), Product(id=60162, name=product 60162, condition=new, state=ok, price=1.09), Product(id=9292, name=product 9292, condition=new, state=ok, price=1.09), Product(id=4549, name=product 4549, condition=new, state=ok, price=1.1), Product(id=48024, name=product 48024, condition=new, state=ok, price=1.1), Product(id=23362, name=product 23362, condition=new, state=ok, price=1.12), Product(id=25181, name=product 25181, condition=new, state=ok, price=1.12), Product(id=42502, name=product 42502, condition=new, state=ok, price=1.12), Product(id=78, name=product 78, condition=new, state=ok, price=1.12), Product(id=78453, name=product 78453, condition=new, state=ok, price=1.13), Product(id=28711, name=product 28711, condition=new, state=ok, price=1.14), Product(id=54778, name=product 54778, condition=new, state=ok, price=1.14), Product(id=24348, name=product 24348, condition=new, state=ok, price=1.15), Product(id=2658, name=product 2658, condition=new, state=ok, price=1.16), Product(id=12896, name=product 12896, condition=new, state=ok, price=1.17), Product(id=31946, name=product 31946, condition=new, state=ok, price=1.17), Product(id=5187, name=product 5187, condition=new, state=ok, price=1.17), Product(id=13646, name=product 13646, condition=new, state=ok, price=1.18), Product(id=16878, name=product 16878, condition=new, state=ok, price=1.18), Product(id=85200, name=product 85200, condition=new, state=ok, price=1.18), Product(id=12165, name=product 12165, condition=new, state=ok, price=1.19), Product(id=25542, name=product 25542, condition=new, state=ok, price=1.19), Product(id=75682, name=product 75682, condition=new, state=ok, price=1.19), Product(id=14643, name=product 14643, condition=new, state=ok, price=1.2), Product(id=84894, name=product 84894, condition=new, state=ok, price=1.2), Product(id=4637, name=product 4637, condition=new, state=ok, price=1.21), Product(id=54904, name=product 54904, condition=new, state=ok, price=1.21), Product(id=81580, name=product 81580, condition=new, state=ok, price=1.22), Product(id=2392, name=product 2392, condition=new, state=ok, price=1.23), Product(id=7479, name=product 7479, condition=new, state=ok, price=1.23), Product(id=81153, name=product 81153, condition=new, state=ok, price=1.23), Product(id=58034, name=product 58034, condition=new, state=ok, price=1.24), Product(id=15035, name=product 15035, condition=new, state=ok, price=1.25), Product(id=27386, name=product 27386, condition=new, state=ok, price=1.25), Product(id=19043, name=product 19043, condition=new, state=ok, price=1.26), Product(id=31133, name=product 31133, condition=new, state=ok, price=1.26), Product(id=99369, name=product 99369, condition=new, state=ok, price=1.26), Product(id=1230, name=product 1230, condition=new, state=ok, price=1.27), Product(id=10945, name=product 10945, condition=new, state=ok, price=1.28), Product(id=188, name=product 188, condition=new, state=ok, price=1.28), Product(id=45449, name=product 45449, condition=new, state=ok, price=1.28), Product(id=21892, name=product 21892, condition=new, state=ok, price=1.29), Product(id=31094, name=product 31094, condition=new, state=ok, price=1.29), Product(id=68280, name=product 68280, condition=new, state=ok, price=1.29), Product(id=38540, name=product 38540, condition=new, state=ok, price=1.3), Product(id=5485, name=product 5485, condition=new, state=ok, price=1.3), Product(id=12980, name=product 12980, condition=new, state=ok, price=1.33), Product(id=44720, name=product 44720, condition=new, state=ok, price=1.33), Product(id=7458, name=product 7458, condition=new, state=ok, price=1.33), Product(id=26424, name=product 26424, condition=new, state=ok, price=1.34), Product(id=27961, name=product 27961, condition=new, state=ok, price=1.34), Product(id=52213, name=product 52213, condition=new, state=ok, price=1.34), Product(id=81142, name=product 81142, condition=new, state=ok, price=1.34), Product(id=23513, name=product 23513, condition=new, state=ok, price=1.35), Product(id=43439, name=product 43439, condition=new, state=ok, price=1.35), Product(id=15835, name=product 15835, condition=new, state=ok, price=1.36), Product(id=29103, name=product 29103, condition=new, state=ok, price=1.36), Product(id=44552, name=product 44552, condition=new, state=ok, price=1.37), Product(id=45250, name=product 45250, condition=new, state=ok, price=1.37), Product(id=6720, name=product 6720, condition=new, state=ok, price=1.37), Product(id=12722, name=product 12722, condition=new, state=ok, price=1.38), Product(id=63897, name=product 63897, condition=new, state=ok, price=1.38), Product(id=55302, name=product 55302, condition=new, state=ok, price=1.39), Product(id=83042, name=product 83042, condition=new, state=ok, price=1.39), Product(id=15760, name=product 15760, condition=new, state=ok, price=1.4), Product(id=22254, name=product 22254, condition=new, state=ok, price=1.4), Product(id=28977, name=product 28977, condition=new, state=ok, price=1.4), Product(id=3444, name=product 3444, condition=new, state=ok, price=1.4), Product(id=32828, name=product 32828, condition=new, state=ok, price=1.41), Product(id=44746, name=product 44746, condition=new, state=ok, price=1.41), Product(id=37985, name=product 37985, condition=new, state=ok, price=1.42), Product(id=12725, name=product 12725, condition=new, state=ok, price=1.43), Product(id=14567, name=product 14567, condition=new, state=ok, price=1.43), Product(id=25631, name=product 25631, condition=new, state=ok, price=1.44), Product(id=3366, name=product 3366, condition=new, state=ok, price=1.44), Product(id=80220, name=product 80220, condition=new, state=ok, price=1.44), Product(id=11383, name=product 11383, condition=new, state=ok, price=1.45), Product(id=1453, name=product 1453, condition=new, state=ok, price=1.45), Product(id=13920, name=product 13920, condition=new, state=ok, price=1.46), Product(id=42561, name=product 42561, condition=new, state=ok, price=1.46), Product(id=40281, name=product 40281, condition=new, state=ok, price=1.47), Product(id=13218, name=product 13218, condition=new, state=ok, price=1.48), Product(id=40795, name=product 40795, condition=new, state=ok, price=1.48), Product(id=18494, name=product 18494, condition=new, state=ok, price=1.49), Product(id=42458, name=product 42458, condition=new, state=ok, price=1.49), Product(id=6825, name=product 6825, condition=new, state=ok, price=1.49), Product(id=99509, name=product 99509, condition=new, state=ok, price=1.49), Product(id=29984, name=product 29984, condition=new, state=ok, price=1.5), Product(id=4362, name=product 4362, condition=new, state=ok, price=1.5), Product(id=18137, name=product 18137, condition=new, state=ok, price=1.51), Product(id=19719, name=product 19719, condition=new, state=ok, price=1.52), Product(id=65074, name=product 65074, condition=new, state=ok, price=1.52), Product(id=20452, name=product 20452, condition=new, state=ok, price=1.54), Product(id=39729, name=product 39729, condition=new, state=ok, price=1.54), Product(id=41776, name=product 41776, condition=new, state=ok, price=1.54), Product(id=47765, name=product 47765, condition=new, state=ok, price=1.54), Product(id=265, name=product 265, condition=new, state=ok, price=1.55), Product(id=34346, name=product 34346, condition=new, state=ok, price=1.55), Product(id=98386, name=product 98386, condition=new, state=ok, price=1.55), Product(id=38295, name=product 38295, condition=new, state=ok, price=1.56), Product(id=49368, name=product 49368, condition=new, state=ok, price=1.56), Product(id=95353, name=product 95353, condition=new, state=ok, price=1.56), Product(id=273, name=product 273, condition=new, state=ok, price=1.57), Product(id=3964, name=product 3964, condition=new, state=ok, price=1.57), Product(id=59097, name=product 59097, condition=new, state=ok, price=1.57), Product(id=14654, name=product 14654, condition=new, state=ok, price=1.58), Product(id=2822, name=product 2822, condition=new, state=ok, price=1.58), Product(id=48553, name=product 48553, condition=new, state=ok, price=1.58), Product(id=49608, name=product 49608, condition=new, state=ok, price=1.58), Product(id=6806, name=product 6806, condition=new, state=ok, price=1.58), Product(id=24815, name=product 24815, condition=new, state=ok, price=1.6), Product(id=52640, name=product 52640, condition=new, state=ok, price=1.6), Product(id=8750, name=product 8750, condition=new, state=ok, price=1.6), Product(id=53953, name=product 53953, condition=new, state=ok, price=1.61), Product(id=7503, name=product 7503, condition=new, state=ok, price=1.61), Product(id=3540, name=product 3540, condition=new, state=ok, price=1.62), Product(id=525, name=product 525, condition=new, state=ok, price=1.62), Product(id=97901, name=product 97901, condition=new, state=ok, price=1.62), Product(id=41164, name=product 41164, condition=new, state=ok, price=1.63), Product(id=5626, name=product 5626, condition=new, state=ok, price=1.63), Product(id=13167, name=product 13167, condition=new, state=ok, price=1.64), Product(id=38705, name=product 38705, condition=new, state=ok, price=1.64), Product(id=6279, name=product 6279, condition=new, state=ok, price=1.65), Product(id=11579, name=product 11579, condition=new, state=ok, price=1.67), Product(id=65346, name=product 65346, condition=new, state=ok, price=1.67), Product(id=13966, name=product 13966, condition=new, state=ok, price=1.68), Product(id=82213, name=product 82213, condition=new, state=ok, price=1.69), Product(id=3177, name=product 3177, condition=new, state=ok, price=1.7), Product(id=74367, name=product 74367, condition=new, state=ok, price=1.7), Product(id=17480, name=product 17480, condition=new, state=ok, price=1.71), Product(id=41526, name=product 41526, condition=new, state=ok, price=1.71), Product(id=82563, name=product 82563, condition=new, state=ok, price=1.71), Product(id=14747, name=product 14747, condition=new, state=ok, price=1.72), Product(id=4093, name=product 4093, condition=new, state=ok, price=1.72), Product(id=16002, name=product 16002, condition=new, state=ok, price=1.73), Product(id=30895, name=product 30895, condition=new, state=ok, price=1.73), Product(id=73832, name=product 73832, condition=new, state=ok, price=1.74), Product(id=1916, name=product 1916, condition=new, state=ok, price=1.76), Product(id=42095, name=product 42095, condition=new, state=ok, price=1.76), Product(id=67713, name=product 67713, condition=new, state=ok, price=1.76), Product(id=18010, name=product 18010, condition=new, state=ok, price=1.77), Product(id=30032, name=product 30032, condition=new, state=ok, price=1.77), Product(id=46652, name=product 46652, condition=new, state=ok, price=1.77), Product(id=8665, name=product 8665, condition=new, state=ok, price=1.77), Product(id=22533, name=product 22533, condition=new, state=ok, price=1.79), Product(id=82482, name=product 82482, condition=new, state=ok, price=1.79), Product(id=2854, name=product 2854, condition=new, state=ok, price=1.8), Product(id=41802, name=product 41802, condition=new, state=ok, price=1.81), Product(id=37849, name=product 37849, condition=new, state=ok, price=1.82), Product(id=71381, name=product 71381, condition=new, state=ok, price=1.83), Product(id=1625, name=product 1625, condition=new, state=ok, price=1.84), Product(id=92840, name=product 92840, condition=new, state=ok, price=1.84), Product(id=9466, name=product 9466, condition=new, state=ok, price=1.85), Product(id=10700, name=product 10700, condition=new, state=ok, price=1.86), Product(id=56841, name=product 56841, condition=new, state=ok, price=1.86), Product(id=58121, name=product 58121, condition=new, state=ok, price=1.86), Product(id=33778, name=product 33778, condition=new, state=ok, price=1.87), Product(id=82407, name=product 82407, condition=new, state=ok, price=1.88), Product(id=68140, name=product 68140, condition=new, state=ok, price=1.89), Product(id=5013, name=product 5013, condition=new, state=ok, price=1.9), Product(id=43349, name=product 43349, condition=new, state=ok, price=1.91), Product(id=6997, name=product 6997, condition=new, state=ok, price=1.91), Product(id=19364, name=product 19364, condition=new, state=ok, price=1.92), Product(id=59688, name=product 59688, condition=new, state=ok, price=1.92), Product(id=36797, name=product 36797, condition=new, state=ok, price=1.93), Product(id=59946, name=product 59946, condition=new, state=ok, price=1.93), Product(id=88593, name=product 88593, condition=new, state=ok, price=1.93), Product(id=13313, name=product 13313, condition=new, state=ok, price=1.94), Product(id=1732, name=product 1732, condition=new, state=ok, price=1.94), Product(id=450, name=product 450, condition=new, state=ok, price=1.94), Product(id=8961, name=product 8961, condition=new, state=ok, price=1.94), Product(id=65168, name=product 65168, condition=new, state=ok, price=1.95), Product(id=8300, name=product 8300, condition=new, state=ok, price=1.95), Product(id=88004, name=product 88004, condition=new, state=ok, price=1.95), Product(id=28319, name=product 28319, condition=new, state=ok, price=1.96), Product(id=12390, name=product 12390, condition=new, state=ok, price=1.97), Product(id=30523, name=product 30523, condition=new, state=ok, price=1.98), Product(id=49417, name=product 49417, condition=new, state=ok, price=1.98), Product(id=74362, name=product 74362, condition=new, state=ok, price=1.98), Product(id=77417, name=product 77417, condition=new, state=ok, price=1.98), Product(id=34089, name=product 34089, condition=new, state=ok, price=1.99), Product(id=11293, name=product 11293, condition=new, state=ok, price=2.0), Product(id=86985, name=product 86985, condition=new, state=ok, price=2.0), Product(id=3741, name=product 3741, condition=new, state=ok, price=2.01), Product(id=4419, name=product 4419, condition=new, state=ok, price=2.01), Product(id=2605, name=product 2605, condition=new, state=ok, price=2.03), Product(id=41871, name=product 41871, condition=new, state=ok, price=2.03), Product(id=12208, name=product 12208, condition=new, state=ok, price=2.04), Product(id=3764, name=product 3764, condition=new, state=ok, price=2.05), Product(id=9346, name=product 9346, condition=new, state=ok, price=2.05), Product(id=96912, name=product 96912, condition=new, state=ok, price=2.05), Product(id=25221, name=product 25221, condition=new, state=ok, price=2.06), Product(id=27890, name=product 27890, condition=new, state=ok, price=2.06), Product(id=35518, name=product 35518, condition=new, state=ok, price=2.06), Product(id=47144, name=product 47144, condition=new, state=ok, price=2.06), Product(id=21447, name=product 21447, condition=new, state=ok, price=2.07), Product(id=36332, name=product 36332, condition=new, state=ok, price=2.07), Product(id=18201, name=product 18201, condition=new, state=ok, price=2.08), Product(id=54793, name=product 54793, condition=new, state=ok, price=2.08), Product(id=38358, name=product 38358, condition=new, state=ok, price=2.09), Product(id=91926, name=product 91926, condition=new, state=ok, price=2.09), Product(id=8818, name=product 8818, condition=new, state=ok, price=2.1), Product(id=17519, name=product 17519, condition=new, state=ok, price=2.13), Product(id=24843, name=product 24843, condition=new, state=ok, price=2.13), Product(id=4741, name=product 4741, condition=new, state=ok, price=2.13), Product(id=31387, name=product 31387, condition=new, state=ok, price=2.14), Product(id=32539, name=product 32539, condition=new, state=ok, price=2.14), Product(id=410, name=product 410, condition=new, state=ok, price=2.14), Product(id=79127, name=product 79127, condition=new, state=ok, price=2.14), Product(id=7974, name=product 7974, condition=new, state=ok, price=2.14), Product(id=83244, name=product 83244, condition=new, state=ok, price=2.14), Product(id=62559, name=product 62559, condition=new, state=ok, price=2.16), Product(id=1499, name=product 1499, condition=new, state=ok, price=2.17), Product(id=23038, name=product 23038, condition=new, state=ok, price=2.17), Product(id=28084, name=product 28084, condition=new, state=ok, price=2.17), Product(id=36146, name=product 36146, condition=new, state=ok, price=2.17), Product(id=51636, name=product 51636, condition=new, state=ok, price=2.17), Product(id=92803, name=product 92803, condition=new, state=ok, price=2.17), Product(id=94661, name=product 94661, condition=new, state=ok, price=2.17), Product(id=6983, name=product 6983, condition=new, state=ok, price=2.18), Product(id=70142, name=product 70142, condition=new, state=ok, price=2.18), Product(id=8419, name=product 8419, condition=new, state=ok, price=2.19), Product(id=11, name=product 11, condition=new, state=ok, price=2.2), Product(id=33335, name=product 33335, condition=new, state=ok, price=2.2), Product(id=45140, name=product 45140, condition=new, state=ok, price=2.2), Product(id=69006, name=product 69006, condition=new, state=ok, price=2.2), Product(id=88112, name=product 88112, condition=new, state=ok, price=2.2), Product(id=17130, name=product 17130, condition=new, state=ok, price=2.21), Product(id=20360, name=product 20360, condition=new, state=ok, price=2.22), Product(id=21636, name=product 21636, condition=new, state=ok, price=2.22), Product(id=12104, name=product 12104, condition=new, state=ok, price=2.23), Product(id=28242, name=product 28242, condition=new, state=ok, price=2.23), Product(id=89734, name=product 89734, condition=new, state=ok, price=2.23), Product(id=10401, name=product 10401, condition=new, state=ok, price=2.25), Product(id=9476, name=product 9476, condition=new, state=ok, price=2.26), Product(id=22575, name=product 22575, condition=new, state=ok, price=2.28), Product(id=9352, name=product 9352, condition=new, state=ok, price=2.28), Product(id=83710, name=product 83710, condition=new, state=ok, price=2.29), Product(id=3141, name=product 3141, condition=new, state=ok, price=2.31), Product(id=8074, name=product 8074, condition=new, state=ok, price=2.31), Product(id=8825, name=product 8825, condition=new, state=ok, price=2.32), Product(id=12332, name=product 12332, condition=new, state=ok, price=2.33), Product(id=1866, name=product 1866, condition=new, state=ok, price=2.33), Product(id=19365, name=product 19365, condition=new, state=ok, price=2.33), Product(id=20450, name=product 20450, condition=new, state=ok, price=2.33), Product(id=33151, name=product 33151, condition=new, state=ok, price=2.33), Product(id=47412, name=product 47412, condition=new, state=ok, price=2.34), Product(id=865, name=product 865, condition=new, state=ok, price=2.34), Product(id=15549, name=product 15549, condition=new, state=ok, price=2.35), Product(id=28225, name=product 28225, condition=new, state=ok, price=2.35), Product(id=55177, name=product 55177, condition=new, state=ok, price=2.35), Product(id=12595, name=product 12595, condition=new, state=ok, price=2.36), Product(id=14411, name=product 14411, condition=new, state=ok, price=2.36), Product(id=18256, name=product 18256, condition=new, state=ok, price=2.36), Product(id=742, name=product 742, condition=new, state=ok, price=2.36), Product(id=128, name=product 128, condition=new, state=ok, price=2.37), Product(id=20498, name=product 20498, condition=new, state=ok, price=2.37), Product(id=24717, name=product 24717, condition=new, state=ok, price=2.37), Product(id=89510, name=product 89510, condition=new, state=ok, price=2.37), Product(id=32056, name=product 32056, condition=new, state=ok, price=2.38), Product(id=12723, name=product 12723, condition=new, state=ok, price=2.4), Product(id=36772, name=product 36772, condition=new, state=ok, price=2.4), Product(id=42713, name=product 42713, condition=new, state=ok, price=2.4), Product(id=15081, name=product 15081, condition=new, state=ok, price=2.41), Product(id=32960, name=product 32960, condition=new, state=ok, price=2.41), Product(id=63516, name=product 63516, condition=new, state=ok, price=2.41), Product(id=8590, name=product 8590, condition=new, state=ok, price=2.41), Product(id=41873, name=product 41873, condition=new, state=ok, price=2.42), Product(id=88030, name=product 88030, condition=new, state=ok, price=2.42), Product(id=31093, name=product 31093, condition=new, state=ok, price=2.43), Product(id=10152, name=product 10152, condition=new, state=ok, price=2.44), Product(id=11048, name=product 11048, condition=new, state=ok, price=2.45), Product(id=53181, name=product 53181, condition=new, state=ok, price=2.46), Product(id=59994, name=product 59994, condition=new, state=ok, price=2.46), Product(id=88669, name=product 88669, condition=new, state=ok, price=2.46), Product(id=94, name=product 94, condition=new, state=ok, price=2.46), Product(id=38172, name=product 38172, condition=new, state=ok, price=2.47), Product(id=46195, name=product 46195, condition=new, state=ok, price=2.48), Product(id=46539, name=product 46539, condition=new, state=ok, price=2.48), Product(id=7530, name=product 7530, condition=new, state=ok, price=2.49), Product(id=1839, name=product 1839, condition=new, state=ok, price=2.5), Product(id=22740, name=product 22740, condition=new, state=ok, price=2.5), Product(id=29362, name=product 29362, condition=new, state=ok, price=2.5), Product(id=40917, name=product 40917, condition=new, state=ok, price=2.5), Product(id=27293, name=product 27293, condition=new, state=ok, price=2.54), Product(id=10757, name=product 10757, condition=new, state=ok, price=2.55), Product(id=36151, name=product 36151, condition=new, state=ok, price=2.55), Product(id=48662, name=product 48662, condition=new, state=ok, price=2.55), Product(id=5527, name=product 5527, condition=new, state=ok, price=2.55), Product(id=1782, name=product 1782, condition=new, state=ok, price=2.57), Product(id=18076, name=product 18076, condition=new, state=ok, price=2.58), Product(id=2868, name=product 2868, condition=new, state=ok, price=2.59), Product(id=82261, name=product 82261, condition=new, state=ok, price=2.6), Product(id=2440, name=product 2440, condition=new, state=ok, price=2.61), Product(id=38080, name=product 38080, condition=new, state=ok, price=2.61), Product(id=16215, name=product 16215, condition=new, state=ok, price=2.64), Product(id=25104, name=product 25104, condition=new, state=ok, price=2.65), Product(id=40111, name=product 40111, condition=new, state=ok, price=2.66), Product(id=53989, name=product 53989, condition=new, state=ok, price=2.66), Product(id=6776, name=product 6776, condition=new, state=ok, price=2.66), Product(id=3035, name=product 3035, condition=new, state=ok, price=2.67), Product(id=49810, name=product 49810, condition=new, state=ok, price=2.67), Product(id=10206, name=product 10206, condition=new, state=ok, price=2.68), Product(id=80790, name=product 80790, condition=new, state=ok, price=2.68), Product(id=52484, name=product 52484, condition=new, state=ok, price=2.69), Product(id=2799, name=product 2799, condition=new, state=ok, price=2.7), Product(id=3858, name=product 3858, condition=new, state=ok, price=2.7), Product(id=53951, name=product 53951, condition=new, state=ok, price=2.7), Product(id=84451, name=product 84451, condition=new, state=ok, price=2.7), Product(id=16013, name=product 16013, condition=new, state=ok, price=2.71), Product(id=32214, name=product 32214, condition=new, state=ok, price=2.71), Product(id=3574, name=product 3574, condition=new, state=ok, price=2.71), Product(id=3175, name=product 3175, condition=new, state=ok, price=2.73), Product(id=3364, name=product 3364, condition=new, state=ok, price=2.73), Product(id=1471, name=product 1471, condition=new, state=ok, price=2.74), Product(id=35718, name=product 35718, condition=new, state=ok, price=2.74), Product(id=45546, name=product 45546, condition=new, state=ok, price=2.74), Product(id=5143, name=product 5143, condition=new, state=ok, price=2.74), Product(id=25572, name=product 25572, condition=new, state=ok, price=2.76), Product(id=47352, name=product 47352, condition=new, state=ok, price=2.78), Product(id=20985, name=product 20985, condition=new, state=ok, price=2.79), Product(id=17688, name=product 17688, condition=new, state=ok, price=2.8), Product(id=12236, name=product 12236, condition=new, state=ok, price=2.81), Product(id=22874, name=product 22874, condition=new, state=ok, price=2.81), Product(id=47927, name=product 47927, condition=new, state=ok, price=2.82), Product(id=1548, name=product 1548, condition=new, state=ok, price=2.83), Product(id=16265, name=product 16265, condition=new, state=ok, price=2.83), Product(id=27070, name=product 27070, condition=new, state=ok, price=2.83), Product(id=60250, name=product 60250, condition=new, state=ok, price=2.83), Product(id=67960, name=product 67960, condition=new, state=ok, price=2.83), Product(id=55683, name=product 55683, condition=new, state=ok, price=2.84), Product(id=7262, name=product 7262, condition=new, state=ok, price=2.84), Product(id=6108, name=product 6108, condition=new, state=ok, price=2.85), Product(id=29928, name=product 29928, condition=new, state=ok, price=2.86), Product(id=18151, name=product 18151, condition=new, state=ok, price=2.88), Product(id=43130, name=product 43130, condition=new, state=ok, price=2.88), Product(id=46474, name=product 46474, condition=new, state=ok, price=2.88), Product(id=90178, name=product 90178, condition=new, state=ok, price=2.88), Product(id=47509, name=product 47509, condition=new, state=ok, price=2.91), Product(id=10959, name=product 10959, condition=new, state=ok, price=2.92), Product(id=43652, name=product 43652, condition=new, state=ok, price=2.93), Product(id=511, name=product 511, condition=new, state=ok, price=2.94), Product(id=80325, name=product 80325, condition=new, state=ok, price=2.94), Product(id=27592, name=product 27592, condition=new, state=ok, price=2.95), Product(id=36911, name=product 36911, condition=new, state=ok, price=2.95), Product(id=44325, name=product 44325, condition=new, state=ok, price=2.95), Product(id=46232, name=product 46232, condition=new, state=ok, price=2.96), Product(id=91088, name=product 91088, condition=new, state=ok, price=2.97), Product(id=90843, name=product 90843, condition=new, state=ok, price=2.98), Product(id=1646, name=product 1646, condition=new, state=ok, price=2.99), Product(id=44245, name=product 44245, condition=new, state=ok, price=2.99), Product(id=84488, name=product 84488, condition=new, state=ok, price=2.99), Product(id=15615, name=product 15615, condition=new, state=ok, price=3.0), Product(id=39427, name=product 39427, condition=new, state=ok, price=3.0), Product(id=75826, name=product 75826, condition=new, state=ok, price=3.01), Product(id=6869, name=product 6869, condition=new, state=ok, price=3.02), Product(id=164, name=product 164, condition=new, state=ok, price=3.03), Product(id=26524, name=product 26524, condition=new, state=ok, price=3.03), Product(id=54666, name=product 54666, condition=new, state=ok, price=3.03), Product(id=1387, name=product 1387, condition=new, state=ok, price=3.04), Product(id=8237, name=product 8237, condition=new, state=ok, price=3.04), Product(id=98951, name=product 98951, condition=new, state=ok, price=3.04), Product(id=64959, name=product 64959, condition=new, state=ok, price=3.05), Product(id=271, name=product 271, condition=new, state=ok, price=3.07), Product(id=40159, name=product 40159, condition=new, state=ok, price=3.07), Product(id=33796, name=product 33796, condition=new, state=ok, price=3.08), Product(id=38253, name=product 38253, condition=new, state=ok, price=3.08), Product(id=38603, name=product 38603, condition=new, state=ok, price=3.08), Product(id=42573, name=product 42573, condition=new, state=ok, price=3.08), Product(id=59352, name=product 59352, condition=new, state=ok, price=3.08), Product(id=70235, name=product 70235, condition=new, state=ok, price=3.08), Product(id=5584, name=product 5584, condition=new, state=ok, price=3.09), Product(id=49094, name=product 49094, condition=new, state=ok, price=3.12), Product(id=14172, name=product 14172, condition=new, state=ok, price=3.13), Product(id=31636, name=product 31636, condition=new, state=ok, price=3.13), Product(id=44657, name=product 44657, condition=new, state=ok, price=3.13), Product(id=16910, name=product 16910, condition=new, state=ok, price=3.14), Product(id=7107, name=product 7107, condition=new, state=ok, price=3.15), Product(id=36457, name=product 36457, condition=new, state=ok, price=3.16), Product(id=40817, name=product 40817, condition=new, state=ok, price=3.16), Product(id=13122, name=product 13122, condition=new, state=ok, price=3.17), Product(id=23123, name=product 23123, condition=new, state=ok, price=3.17), Product(id=27453, name=product 27453, condition=new, state=ok, price=3.17), Product(id=38595, name=product 38595, condition=new, state=ok, price=3.17), Product(id=59539, name=product 59539, condition=new, state=ok, price=3.18), Product(id=69074, name=product 69074, condition=new, state=ok, price=3.18), Product(id=12420, name=product 12420, condition=new, state=ok, price=3.19), Product(id=4974, name=product 4974, condition=new, state=ok, price=3.19), Product(id=56276, name=product 56276, condition=new, state=ok, price=3.2), Product(id=58349, name=product 58349, condition=new, state=ok, price=3.2), Product(id=62584, name=product 62584, condition=new, state=ok, price=3.2), Product(id=121, name=product 121, condition=new, state=ok, price=3.21), Product(id=20947, name=product 20947, condition=new, state=ok, price=3.21), Product(id=13051, name=product 13051, condition=new, state=ok, price=3.22), Product(id=27972, name=product 27972, condition=new, state=ok, price=3.22), Product(id=453, name=product 453, condition=new, state=ok, price=3.22), Product(id=63872, name=product 63872, condition=new, state=ok, price=3.22), Product(id=87741, name=product 87741, condition=new, state=ok, price=3.22), Product(id=15518, name=product 15518, condition=new, state=ok, price=3.23), Product(id=36940, name=product 36940, condition=new, state=ok, price=3.23), Product(id=52986, name=product 52986, condition=new, state=ok, price=3.23), Product(id=22209, name=product 22209, condition=new, state=ok, price=3.24), Product(id=66753, name=product 66753, condition=new, state=ok, price=3.24), Product(id=73351, name=product 73351, condition=new, state=ok, price=3.26), Product(id=15780, name=product 15780, condition=new, state=ok, price=3.27), Product(id=2848, name=product 2848, condition=new, state=ok, price=3.27), Product(id=86790, name=product 86790, condition=new, state=ok, price=3.27), Product(id=25866, name=product 25866, condition=new, state=ok, price=3.28), Product(id=43879, name=product 43879, condition=new, state=ok, price=3.28), Product(id=5308, name=product 5308, condition=new, state=ok, price=3.28), Product(id=10338, name=product 10338, condition=new, state=ok, price=3.31), Product(id=39912, name=product 39912, condition=new, state=ok, price=3.31), Product(id=56835, name=product 56835, condition=new, state=ok, price=3.31), Product(id=71374, name=product 71374, condition=new, state=ok, price=3.32), Product(id=39827, name=product 39827, condition=new, state=ok, price=3.33), Product(id=16087, name=product 16087, condition=new, state=ok, price=3.34), Product(id=17162, name=product 17162, condition=new, state=ok, price=3.34), Product(id=20396, name=product 20396, condition=new, state=ok, price=3.34), Product(id=2269, name=product 2269, condition=new, state=ok, price=3.34), Product(id=5022, name=product 5022, condition=new, state=ok, price=3.34), Product(id=12740, name=product 12740, condition=new, state=ok, price=3.37), Product(id=1833, name=product 1833, condition=new, state=ok, price=3.37), Product(id=6365, name=product 6365, condition=new, state=ok, price=3.37), Product(id=3247, name=product 3247, condition=new, state=ok, price=3.39), Product(id=41684, name=product 41684, condition=new, state=ok, price=3.39), Product(id=5060, name=product 5060, condition=new, state=ok, price=3.39), Product(id=7302, name=product 7302, condition=new, state=ok, price=3.39), Product(id=91937, name=product 91937, condition=new, state=ok, price=3.4), Product(id=10484, name=product 10484, condition=new, state=ok, price=3.42), Product(id=37822, name=product 37822, condition=new, state=ok, price=3.42), Product(id=70361, name=product 70361, condition=new, state=ok, price=3.42), Product(id=2801, name=product 2801, condition=new, state=ok, price=3.43), Product(id=14341, name=product 14341, condition=new, state=ok, price=3.44), Product(id=1492, name=product 1492, condition=new, state=ok, price=3.44), Product(id=41196, name=product 41196, condition=new, state=ok, price=3.45), Product(id=82523, name=product 82523, condition=new, state=ok, price=3.45), Product(id=21589, name=product 21589, condition=new, state=ok, price=3.46), Product(id=28917, name=product 28917, condition=new, state=ok, price=3.46), Product(id=65622, name=product 65622, condition=new, state=ok, price=3.47), Product(id=67101, name=product 67101, condition=new, state=ok, price=3.47), Product(id=82469, name=product 82469, condition=new, state=ok, price=3.47), Product(id=18186, name=product 18186, condition=new, state=ok, price=3.48), Product(id=79550, name=product 79550, condition=new, state=ok, price=3.5), Product(id=16696, name=product 16696, condition=new, state=ok, price=3.51), Product(id=19880, name=product 19880, condition=new, state=ok, price=3.51), Product(id=24301, name=product 24301, condition=new, state=ok, price=3.51), Product(id=33393, name=product 33393, condition=new, state=ok, price=3.51), Product(id=78301, name=product 78301, condition=new, state=ok, price=3.51), Product(id=37513, name=product 37513, condition=new, state=ok, price=3.52), Product(id=27398, name=product 27398, condition=new, state=ok, price=3.53), Product(id=85732, name=product 85732, condition=new, state=ok, price=3.53), Product(id=4315, name=product 4315, condition=new, state=ok, price=3.54), Product(id=86981, name=product 86981, condition=new, state=ok, price=3.54), Product(id=4715, name=product 4715, condition=new, state=ok, price=3.56), Product(id=15462, name=product 15462, condition=new, state=ok, price=3.57), Product(id=1908, name=product 1908, condition=new, state=ok, price=3.57), Product(id=34065, name=product 34065, condition=new, state=ok, price=3.57), Product(id=48105, name=product 48105, condition=new, state=ok, price=3.57), Product(id=4379, name=product 4379, condition=new, state=ok, price=3.59), Product(id=51516, name=product 51516, condition=new, state=ok, price=3.59), Product(id=81166, name=product 81166, condition=new, state=ok, price=3.59), Product(id=92315, name=product 92315, condition=new, state=ok, price=3.59), Product(id=11215, name=product 11215, condition=new, state=ok, price=3.6), Product(id=45695, name=product 45695, condition=new, state=ok, price=3.6), Product(id=98943, name=product 98943, condition=new, state=ok, price=3.6), Product(id=8394, name=product 8394, condition=new, state=ok, price=3.61), Product(id=93053, name=product 93053, condition=new, state=ok, price=3.61), Product(id=27587, name=product 27587, condition=new, state=ok, price=3.62), Product(id=35642, name=product 35642, condition=new, state=ok, price=3.62), Product(id=44609, name=product 44609, condition=new, state=ok, price=3.62), Product(id=23771, name=product 23771, condition=new, state=ok, price=3.63), Product(id=29138, name=product 29138, condition=new, state=ok, price=3.63), Product(id=36268, name=product 36268, condition=new, state=ok, price=3.63), Product(id=36706, name=product 36706, condition=new, state=ok, price=3.63), Product(id=75804, name=product 75804, condition=new, state=ok, price=3.64), Product(id=32418, name=product 32418, condition=new, state=ok, price=3.65), Product(id=96466, name=product 96466, condition=new, state=ok, price=3.65), Product(id=26638, name=product 26638, condition=new, state=ok, price=3.67), Product(id=26199, name=product 26199, condition=new, state=ok, price=3.68), Product(id=4810, name=product 4810, condition=new, state=ok, price=3.68), Product(id=56906, name=product 56906, condition=new, state=ok, price=3.68), Product(id=11178, name=product 11178, condition=new, state=ok, price=3.69), Product(id=17285, name=product 17285, condition=new, state=ok, price=3.69), Product(id=12104, name=product 12104, condition=new, state=ok, price=3.7), Product(id=20239, name=product 20239, condition=new, state=ok, price=3.7), Product(id=21025, name=product 21025, condition=new, state=ok, price=3.7), Product(id=23521, name=product 23521, condition=new, state=ok, price=3.7), Product(id=39761, name=product 39761, condition=new, state=ok, price=3.7), Product(id=25059, name=product 25059, condition=new, state=ok, price=3.71), Product(id=43604, name=product 43604, condition=new, state=ok, price=3.71), Product(id=45975, name=product 45975, condition=new, state=ok, price=3.71), Product(id=98987, name=product 98987, condition=new, state=ok, price=3.71), Product(id=31597, name=product 31597, condition=new, state=ok, price=3.74), Product(id=49214, name=product 49214, condition=new, state=ok, price=3.74), Product(id=1034, name=product 1034, condition=new, state=ok, price=3.75), Product(id=15978, name=product 15978, condition=new, state=ok, price=3.75), Product(id=21331, name=product 21331, condition=new, state=ok, price=3.76), Product(id=2484, name=product 2484, condition=new, state=ok, price=3.76), Product(id=28902, name=product 28902, condition=new, state=ok, price=3.77), Product(id=5955, name=product 5955, condition=new, state=ok, price=3.77), Product(id=6460, name=product 6460, condition=new, state=ok, price=3.77), Product(id=9417, name=product 9417, condition=new, state=ok, price=3.77), Product(id=1367, name=product 1367, condition=new, state=ok, price=3.78), Product(id=8387, name=product 8387, condition=new, state=ok, price=3.78), Product(id=66050, name=product 66050, condition=new, state=ok, price=3.79), Product(id=8420, name=product 8420, condition=new, state=ok, price=3.79), Product(id=3654, name=product 3654, condition=new, state=ok, price=3.8), Product(id=51321, name=product 51321, condition=new, state=ok, price=3.8), Product(id=36497, name=product 36497, condition=new, state=ok, price=3.81), Product(id=8380, name=product 8380, condition=new, state=ok, price=3.81), Product(id=75550, name=product 75550, condition=new, state=ok, price=3.82), Product(id=88522, name=product 88522, condition=new, state=ok, price=3.82), Product(id=1601, name=product 1601, condition=new, state=ok, price=3.83), Product(id=80511, name=product 80511, condition=new, state=ok, price=3.83), Product(id=96817, name=product 96817, condition=new, state=ok, price=3.84), Product(id=29219, name=product 29219, condition=new, state=ok, price=3.85), Product(id=45458, name=product 45458, condition=new, state=ok, price=3.85), Product(id=10263, name=product 10263, condition=new, state=ok, price=3.86), Product(id=14123, name=product 14123, condition=new, state=ok, price=3.86), Product(id=63911, name=product 63911, condition=new, state=ok, price=3.86), Product(id=73542, name=product 73542, condition=new, state=ok, price=3.86), Product(id=89955, name=product 89955, condition=new, state=ok, price=3.86), Product(id=958, name=product 958, condition=new, state=ok, price=3.87), Product(id=98122, name=product 98122, condition=new, state=ok, price=3.88), Product(id=21414, name=product 21414, condition=new, state=ok, price=3.89), Product(id=10512, name=product 10512, condition=new, state=ok, price=3.91), Product(id=52931, name=product 52931, condition=new, state=ok, price=3.91), Product(id=81562, name=product 81562, condition=new, state=ok, price=3.92), Product(id=795, name=product 795, condition=new, state=ok, price=3.93), Product(id=985, name=product 985, condition=new, state=ok, price=3.93), Product(id=37173, name=product 37173, condition=new, state=ok, price=3.94), Product(id=6125, name=product 6125, condition=new, state=ok, price=3.94), Product(id=1380, name=product 1380, condition=new, state=ok, price=3.95), Product(id=2131, name=product 2131, condition=new, state=ok, price=3.95), Product(id=22008, name=product 22008, condition=new, state=ok, price=3.96), Product(id=33957, name=product 33957, condition=new, state=ok, price=3.97), Product(id=42697, name=product 42697, condition=new, state=ok, price=3.97), Product(id=13242, name=product 13242, condition=new, state=ok, price=3.98), Product(id=16646, name=product 16646, condition=new, state=ok, price=3.98), Product(id=16009, name=product 16009, condition=new, state=ok, price=3.99), Product(id=17329, name=product 17329, condition=new, state=ok, price=3.99), Product(id=373, name=product 373, condition=new, state=ok, price=4.0), Product(id=43849, name=product 43849, condition=new, state=ok, price=4.0), Product(id=22414, name=product 22414, condition=new, state=ok, price=4.01), Product(id=74895, name=product 74895, condition=new, state=ok, price=4.01), Product(id=85614, name=product 85614, condition=new, state=ok, price=4.01), Product(id=3941, name=product 3941, condition=new, state=ok, price=4.02), Product(id=6747, name=product 6747, condition=new, state=ok, price=4.02), Product(id=70220, name=product 70220, condition=new, state=ok, price=4.02), Product(id=8527, name=product 8527, condition=new, state=ok, price=4.02), Product(id=12254, name=product 12254, condition=new, state=ok, price=4.03), Product(id=16340, name=product 16340, condition=new, state=ok, price=4.03), Product(id=32364, name=product 32364, condition=new, state=ok, price=4.03), Product(id=4806, name=product 4806, condition=new, state=ok, price=4.03), Product(id=58565, name=product 58565, condition=new, state=ok, price=4.04), Product(id=6721, name=product 6721, condition=new, state=ok, price=4.04), Product(id=19860, name=product 19860, condition=new, state=ok, price=4.05), Product(id=29082, name=product 29082, condition=new, state=ok, price=4.05), Product(id=31749, name=product 31749, condition=new, state=ok, price=4.06), Product(id=41787, name=product 41787, condition=new, state=ok, price=4.06), Product(id=50807, name=product 50807, condition=new, state=ok, price=4.06), Product(id=458, name=product 458, condition=new, state=ok, price=4.08), Product(id=99563, name=product 99563, condition=new, state=ok, price=4.08), Product(id=38697, name=product 38697, condition=new, state=ok, price=4.09), Product(id=39741, name=product 39741, condition=new, state=ok, price=4.09), Product(id=55497, name=product 55497, condition=new, state=ok, price=4.09), Product(id=7770, name=product 7770, condition=new, state=ok, price=4.09), Product(id=37834, name=product 37834, condition=new, state=ok, price=4.1), Product(id=3259, name=product 3259, condition=new, state=ok, price=4.11), Product(id=35826, name=product 35826, condition=new, state=ok, price=4.12), Product(id=21156, name=product 21156, condition=new, state=ok, price=4.13), Product(id=31466, name=product 31466, condition=new, state=ok, price=4.13), Product(id=20146, name=product 20146, condition=new, state=ok, price=4.14), Product(id=95936, name=product 95936, condition=new, state=ok, price=4.14), Product(id=97623, name=product 97623, condition=new, state=ok, price=4.15), Product(id=5409, name=product 5409, condition=new, state=ok, price=4.19), Product(id=59500, name=product 59500, condition=new, state=ok, price=4.21), Product(id=19161, name=product 19161, condition=new, state=ok, price=4.22), Product(id=50778, name=product 50778, condition=new, state=ok, price=4.22), Product(id=31162, name=product 31162, condition=new, state=ok, price=4.23), Product(id=10522, name=product 10522, condition=new, state=ok, price=4.24), Product(id=83307, name=product 83307, condition=new, state=ok, price=4.24), Product(id=12176, name=product 12176, condition=new, state=ok, price=4.25), Product(id=50742, name=product 50742, condition=new, state=ok, price=4.25), Product(id=68019, name=product 68019, condition=new, state=ok, price=4.25), Product(id=95713, name=product 95713, condition=new, state=ok, price=4.25), Product(id=23283, name=product 23283, condition=new, state=ok, price=4.26), Product(id=28928, name=product 28928, condition=new, state=ok, price=4.26), Product(id=11899, name=product 11899, condition=new, state=ok, price=4.27), Product(id=36217, name=product 36217, condition=new, state=ok, price=4.27), Product(id=5314, name=product 5314, condition=new, state=ok, price=4.28), Product(id=23586, name=product 23586, condition=new, state=ok, price=4.29), Product(id=35905, name=product 35905, condition=new, state=ok, price=4.29), Product(id=89814, name=product 89814, condition=new, state=ok, price=4.29), Product(id=19916, name=product 19916, condition=new, state=ok, price=4.3), Product(id=76504, name=product 76504, condition=new, state=ok, price=4.31), Product(id=7993, name=product 7993, condition=new, state=ok, price=4.31), Product(id=85357, name=product 85357, condition=new, state=ok, price=4.31), Product(id=26651, name=product 26651, condition=new, state=ok, price=4.32), Product(id=34146, name=product 34146, condition=new, state=ok, price=4.32), Product(id=1559, name=product 1559, condition=new, state=ok, price=4.33), Product(id=40376, name=product 40376, condition=new, state=ok, price=4.33), Product(id=5333, name=product 5333, condition=new, state=ok, price=4.34), Product(id=65798, name=product 65798, condition=new, state=ok, price=4.34), Product(id=10012, name=product 10012, condition=new, state=ok, price=4.35), Product(id=18256, name=product 18256, condition=new, state=ok, price=4.35), Product(id=697, name=product 697, condition=new, state=ok, price=4.36), Product(id=17360, name=product 17360, condition=new, state=ok, price=4.37), Product(id=22392, name=product 22392, condition=new, state=ok, price=4.37), Product(id=2819, name=product 2819, condition=new, state=ok, price=4.37), Product(id=52131, name=product 52131, condition=new, state=ok, price=4.38), Product(id=8078, name=product 8078, condition=new, state=ok, price=4.38), Product(id=98292, name=product 98292, condition=new, state=ok, price=4.38), Product(id=2401, name=product 2401, condition=new, state=ok, price=4.39), Product(id=2940, name=product 2940, condition=new, state=ok, price=4.39), Product(id=71544, name=product 71544, condition=new, state=ok, price=4.39), Product(id=83502, name=product 83502, condition=new, state=ok, price=4.42), Product(id=15712, name=product 15712, condition=new, state=ok, price=4.43), Product(id=65459, name=product 65459, condition=new, state=ok, price=4.43), Product(id=76915, name=product 76915, condition=new, state=ok, price=4.43), Product(id=94293, name=product 94293, condition=new, state=ok, price=4.43), Product(id=3561, name=product 3561, condition=new, state=ok, price=4.44), Product(id=43485, name=product 43485, condition=new, state=ok, price=4.44), Product(id=44224, name=product 44224, condition=new, state=ok, price=4.44), Product(id=13209, name=product 13209, condition=new, state=ok, price=4.45), Product(id=1453, name=product 1453, condition=new, state=ok, price=4.45), Product(id=24664, name=product 24664, condition=new, state=ok, price=4.45), Product(id=701, name=product 701, condition=new, state=ok, price=4.45), Product(id=17121, name=product 17121, condition=new, state=ok, price=4.46), Product(id=32244, name=product 32244, condition=new, state=ok, price=4.46), Product(id=80829, name=product 80829, condition=new, state=ok, price=4.46), Product(id=1462, name=product 1462, condition=new, state=ok, price=4.47), Product(id=20286, name=product 20286, condition=new, state=ok, price=4.47), Product(id=5713, name=product 5713, condition=new, state=ok, price=4.47), Product(id=85840, name=product 85840, condition=new, state=ok, price=4.48), Product(id=22387, name=product 22387, condition=new, state=ok, price=4.49), Product(id=4315, name=product 4315, condition=new, state=ok, price=4.49), Product(id=49751, name=product 49751, condition=new, state=ok, price=4.49), Product(id=3000, name=product 3000, condition=new, state=ok, price=4.5), Product(id=30168, name=product 30168, condition=new, state=ok, price=4.51), Product(id=64490, name=product 64490, condition=new, state=ok, price=4.51), Product(id=50191, name=product 50191, condition=new, state=ok, price=4.53), Product(id=73329, name=product 73329, condition=new, state=ok, price=4.54), Product(id=128, name=product 128, condition=new, state=ok, price=4.55), Product(id=20007, name=product 20007, condition=new, state=ok, price=4.55), Product(id=67460, name=product 67460, condition=new, state=ok, price=4.55), Product(id=89667, name=product 89667, condition=new, state=ok, price=4.55), Product(id=36499, name=product 36499, condition=new, state=ok, price=4.56), Product(id=37235, name=product 37235, condition=new, state=ok, price=4.57), Product(id=12263, name=product 12263, condition=new, state=ok, price=4.58), Product(id=13867, name=product 13867, condition=new, state=ok, price=4.58), Product(id=19994, name=product 19994, condition=new, state=ok, price=4.58), Product(id=4762, name=product 4762, condition=new, state=ok, price=4.58), Product(id=57190, name=product 57190, condition=new, state=ok, price=4.58), Product(id=391, name=product 391, condition=new, state=ok, price=4.59), Product(id=69398, name=product 69398, condition=new, state=ok, price=4.59), Product(id=22057, name=product 22057, condition=new, state=ok, price=4.6), Product(id=32303, name=product 32303, condition=new, state=ok, price=4.6), Product(id=88984, name=product 88984, condition=new, state=ok, price=4.6), Product(id=99627, name=product 99627, condition=new, state=ok, price=4.6), Product(id=1352, name=product 1352, condition=new, state=ok, price=4.61), Product(id=9557, name=product 9557, condition=new, state=ok, price=4.61), Product(id=16449, name=product 16449, condition=new, state=ok, price=4.62), Product(id=4723, name=product 4723, condition=new, state=ok, price=4.63), Product(id=16613, name=product 16613, condition=new, state=ok, price=4.64), Product(id=17444, name=product 17444, condition=new, state=ok, price=4.64), Product(id=33849, name=product 33849, condition=new, state=ok, price=4.64), Product(id=3415, name=product 3415, condition=new, state=ok, price=4.64), Product(id=45464, name=product 45464, condition=new, state=ok, price=4.65), Product(id=81908, name=product 81908, condition=new, state=ok, price=4.66), Product(id=30997, name=product 30997, condition=new, state=ok, price=4.67), Product(id=49198, name=product 49198, condition=new, state=ok, price=4.67), Product(id=27880, name=product 27880, condition=new, state=ok, price=4.68), Product(id=4519, name=product 4519, condition=new, state=ok, price=4.68), Product(id=48118, name=product 48118, condition=new, state=ok, price=4.68), Product(id=40890, name=product 40890, condition=new, state=ok, price=4.7), Product(id=86074, name=product 86074, condition=new, state=ok, price=4.7), Product(id=1576, name=product 1576, condition=new, state=ok, price=4.72), Product(id=35188, name=product 35188, condition=new, state=ok, price=4.73), Product(id=16254, name=product 16254, condition=new, state=ok, price=4.75), Product(id=33120, name=product 33120, condition=new, state=ok, price=4.75), Product(id=39, name=product 39, condition=new, state=ok, price=4.75), Product(id=42668, name=product 42668, condition=new, state=ok, price=4.75), Product(id=24717, name=product 24717, condition=new, state=ok, price=4.76), Product(id=32703, name=product 32703, condition=new, state=ok, price=4.76), Product(id=92115, name=product 92115, condition=new, state=ok, price=4.76), Product(id=19993, name=product 19993, condition=new, state=ok, price=4.78), Product(id=2582, name=product 2582, condition=new, state=ok, price=4.79), Product(id=28544, name=product 28544, condition=new, state=ok, price=4.8), Product(id=54707, name=product 54707, condition=new, state=ok, price=4.8), Product(id=84141, name=product 84141, condition=new, state=ok, price=4.8), Product(id=17022, name=product 17022, condition=new, state=ok, price=4.81), Product(id=17049, name=product 17049, condition=new, state=ok, price=4.81), Product(id=20035, name=product 20035, condition=new, state=ok, price=4.82), Product(id=2080, name=product 2080, condition=new, state=ok, price=4.82), Product(id=8261, name=product 8261, condition=new, state=ok, price=4.82), Product(id=57158, name=product 57158, condition=new, state=ok, price=4.83), Product(id=16267, name=product 16267, condition=new, state=ok, price=4.84), Product(id=46985, name=product 46985, condition=new, state=ok, price=4.85), Product(id=3492, name=product 3492, condition=new, state=ok, price=4.86), Product(id=4967, name=product 4967, condition=new, state=ok, price=4.86), Product(id=59715, name=product 59715, condition=new, state=ok, price=4.87), Product(id=62750, name=product 62750, condition=new, state=ok, price=4.87), Product(id=23177, name=product 23177, condition=new, state=ok, price=4.88), Product(id=88376, name=product 88376, condition=new, state=ok, price=4.88), Product(id=9219, name=product 9219, condition=new, state=ok, price=4.88), Product(id=10425, name=product 10425, condition=new, state=ok, price=4.89), Product(id=7075, name=product 7075, condition=new, state=ok, price=4.89), Product(id=64748, name=product 64748, condition=new, state=ok, price=4.9), Product(id=87474, name=product 87474, condition=new, state=ok, price=4.9), Product(id=5496, name=product 5496, condition=new, state=ok, price=4.91), Product(id=59899, name=product 59899, condition=new, state=ok, price=4.93), Product(id=54440, name=product 54440, condition=new, state=ok, price=4.94), Product(id=67286, name=product 67286, condition=new, state=ok, price=4.94), Product(id=72421, name=product 72421, condition=new, state=ok, price=4.94), Product(id=75148, name=product 75148, condition=new, state=ok, price=4.94), Product(id=20278, name=product 20278, condition=new, state=ok, price=4.95), Product(id=34152, name=product 34152, condition=new, state=ok, price=4.95), Product(id=4973, name=product 4973, condition=new, state=ok, price=4.96), Product(id=17633, name=product 17633, condition=new, state=ok, price=4.97), Product(id=76731, name=product 76731, condition=new, state=ok, price=4.97), Product(id=50078, name=product 50078, condition=new, state=ok, price=5.0), Product(id=36747, name=product 36747, condition=new, state=ok, price=5.01), Product(id=16508, name=product 16508, condition=new, state=ok, price=5.02), Product(id=3377, name=product 3377, condition=new, state=ok, price=5.02), Product(id=25749, name=product 25749, condition=new, state=ok, price=5.03), Product(id=8061, name=product 8061, condition=new, state=ok, price=5.03), Product(id=81302, name=product 81302, condition=new, state=ok, price=5.03), Product(id=20438, name=product 20438, condition=new, state=ok, price=5.04), Product(id=21909, name=product 21909, condition=new, state=ok, price=5.04), Product(id=9986, name=product 9986, condition=new, state=ok, price=5.04), Product(id=49347, name=product 49347, condition=new, state=ok, price=5.05), Product(id=79232, name=product 79232, condition=new, state=ok, price=5.05), Product(id=17244, name=product 17244, condition=new, state=ok, price=5.06), Product(id=2268, name=product 2268, condition=new, state=ok, price=5.06), Product(id=98453, name=product 98453, condition=new, state=ok, price=5.06), Product(id=22994, name=product 22994, condition=new, state=ok, price=5.07), Product(id=6728, name=product 6728, condition=new, state=ok, price=5.09), Product(id=24719, name=product 24719, condition=new, state=ok, price=5.1), Product(id=39080, name=product 39080, condition=new, state=ok, price=5.1), Product(id=9499, name=product 9499, condition=new, state=ok, price=5.1), Product(id=20641, name=product 20641, condition=new, state=ok, price=5.11), Product(id=39977, name=product 39977, condition=new, state=ok, price=5.11), Product(id=71137, name=product 71137, condition=new, state=ok, price=5.12), Product(id=25373, name=product 25373, condition=new, state=ok, price=5.13), Product(id=43442, name=product 43442, condition=new, state=ok, price=5.13), Product(id=49102, name=product 49102, condition=new, state=ok, price=5.14), Product(id=6047, name=product 6047, condition=new, state=ok, price=5.14), Product(id=24303, name=product 24303, condition=new, state=ok, price=5.15), Product(id=32040, name=product 32040, condition=new, state=ok, price=5.15), Product(id=94001, name=product 94001, condition=new, state=ok, price=5.16), Product(id=15566, name=product 15566, condition=new, state=ok, price=5.17), Product(id=31995, name=product 31995, condition=new, state=ok, price=5.17), Product(id=3536, name=product 3536, condition=new, state=ok, price=5.17), Product(id=47742, name=product 47742, condition=new, state=ok, price=5.17), Product(id=44595, name=product 44595, condition=new, state=ok, price=5.18), Product(id=56164, name=product 56164, condition=new, state=ok, price=5.18), Product(id=14529, name=product 14529, condition=new, state=ok, price=5.2), Product(id=1938, name=product 1938, condition=new, state=ok, price=5.2), Product(id=67317, name=product 67317, condition=new, state=ok, price=5.2), Product(id=19926, name=product 19926, condition=new, state=ok, price=5.21), Product(id=48316, name=product 48316, condition=new, state=ok, price=5.21), Product(id=12756, name=product 12756, condition=new, state=ok, price=5.22), Product(id=21458, name=product 21458, condition=new, state=ok, price=5.22), Product(id=30035, name=product 30035, condition=new, state=ok, price=5.22), Product(id=43901, name=product 43901, condition=new, state=ok, price=5.22), Product(id=25089, name=product 25089, condition=new, state=ok, price=5.23), Product(id=10325, name=product 10325, condition=new, state=ok, price=5.24), Product(id=92628, name=product 92628, condition=new, state=ok, price=5.24), Product(id=21963, name=product 21963, condition=new, state=ok, price=5.25), Product(id=31982, name=product 31982, condition=new, state=ok, price=5.25), Product(id=10000, name=product 10000, condition=new, state=ok, price=5.27), Product(id=13410, name=product 13410, condition=new, state=ok, price=5.28), Product(id=33985, name=product 33985, condition=new, state=ok, price=5.28), Product(id=93068, name=product 93068, condition=new, state=ok, price=5.28), Product(id=421, name=product 421, condition=new, state=ok, price=5.29), Product(id=6853, name=product 6853, condition=new, state=ok, price=5.29), Product(id=9008, name=product 9008, condition=new, state=ok, price=5.29), Product(id=81550, name=product 81550, condition=new, state=ok, price=5.3), Product(id=99702, name=product 99702, condition=new, state=ok, price=5.3), Product(id=17111, name=product 17111, condition=new, state=ok, price=5.31), Product(id=28192, name=product 28192, condition=new, state=ok, price=5.31), Product(id=41182, name=product 41182, condition=new, state=ok, price=5.31), Product(id=43879, name=product 43879, condition=new, state=ok, price=5.32), Product(id=90578, name=product 90578, condition=new, state=ok, price=5.33), Product(id=50362, name=product 50362, condition=new, state=ok, price=5.34), Product(id=5165, name=product 5165, condition=new, state=ok, price=5.34)]&gt; but was: java.util.LinkedList&lt;[Product(id=16986, name=product 16986, condition=new, state=ok, price=0.03), Product(id=36349, name=product 36349, condition=new, state=ok, price=0.03), Product(id=61232, name=product 61232, condition=new, state=ok, price=0.03), Product(id=94076, name=product 94076, condition=new, state=ok, price=0.03), Product(id=19575, name=product 19575, condition=new, state=ok, price=0.04), Product(id=2131, name=product 2131, condition=new, state=ok, price=0.04), Product(id=13075, name=product 13075, condition=new, state=ok, price=0.05), Product(id=13547, name=product 13547, condition=new, state=ok, price=0.05), Product(id=785, name=product 785, condition=new, state=ok, price=0.05), Product(id=46038, name=product 46038, condition=new, state=ok, price=0.06), Product(id=6236, name=product 6236, condition=new, state=ok, price=0.06), Product(id=66777, name=product 66777, condition=new, state=ok, price=0.06), Product(id=47928, name=product 47928, condition=new, state=ok, price=0.07), Product(id=1087, name=product 1087, condition=new, state=ok, price=0.08), Product(id=40478, name=product 40478, condition=new, state=ok, price=0.08), Product(id=96632, name=product 96632, condition=new, state=ok, price=0.08), Product(id=1990, name=product 1990, condition=new, state=ok, price=0.09), Product(id=24817, name=product 24817, condition=new, state=ok, price=0.09), Product(id=20761, name=product 20761, condition=new, state=ok, price=0.1), Product(id=94385, name=product 94385, condition=new, state=ok, price=0.1), Product(id=4729, name=product 4729, condition=new, state=ok, price=0.11), Product(id=96690, name=product 96690, condition=new, state=ok, price=0.12), Product(id=11120, name=product 11120, condition=new, state=ok, price=0.13), Product(id=36739, name=product 36739, condition=new, state=ok, price=0.13), Product(id=26320, name=product 26320, condition=new, state=ok, price=0.14), Product(id=28860, name=product 28860, condition=new, state=ok, price=0.14), Product(id=36634, name=product 36634, condition=new, state=ok, price=0.14), Product(id=83632, name=product 83632, condition=new, state=ok, price=0.14), Product(id=1530, name=product 1530, condition=new, state=ok, price=0.15), Product(id=45135, name=product 45135, condition=new, state=ok, price=0.15), Product(id=47424, name=product 47424, condition=new, state=ok, price=0.15), Product(id=62629, name=product 62629, condition=new, state=ok, price=0.16), Product(id=16561, name=product 16561, condition=new, state=ok, price=0.18), Product(id=33744, name=product 33744, condition=new, state=ok, price=0.18), Product(id=4616, name=product 4616, condition=new, state=ok, price=0.19), Product(id=66269, name=product 66269, condition=new, state=ok, price=0.19), Product(id=48182, name=product 48182, condition=new, state=ok, price=0.2), Product(id=84114, name=product 84114, condition=new, state=ok, price=0.2), Product(id=16734, name=product 16734, condition=new, state=ok, price=0.21), Product(id=5156, name=product 5156, condition=new, state=ok, price=0.21), Product(id=86143, name=product 86143, condition=new, state=ok, price=0.21), Product(id=34758, name=product 34758, condition=new, state=ok, price=0.22), Product(id=9200, name=product 9200, condition=new, state=ok, price=0.22), Product(id=47714, name=product 47714, condition=new, state=ok, price=0.23), Product(id=28285, name=product 28285, condition=new, state=ok, price=0.24), Product(id=25964, name=product 25964, condition=new, state=ok, price=0.25), Product(id=8775, name=product 8775, condition=new, state=ok, price=0.25), Product(id=31999, name=product 31999, condition=new, state=ok, price=0.26), Product(id=32763, name=product 32763, condition=new, state=ok, price=0.26), Product(id=20740, name=product 20740, condition=new, state=ok, price=0.27), Product(id=6740, name=product 6740, condition=new, state=ok, price=0.27), Product(id=11588, name=product 11588, condition=new, state=ok, price=0.28), Product(id=428, name=product 428, condition=new, state=ok, price=0.28), Product(id=31984, name=product 31984, condition=new, state=ok, price=0.29), Product(id=3061, name=product 3061, condition=new, state=ok, price=0.3), Product(id=45316, name=product 45316, condition=new, state=ok, price=0.3), Product(id
[...]
e=product 35478, condition=new, state=ok, price=3.84), Product(id=47042, name=product 47042, condition=new, state=ok, price=3.84), Product(id=1314, name=product 1314, condition=new, state=ok, price=3.85), Product(id=1645, name=product 1645, condition=new, state=ok, price=3.85), Product(id=11542, name=product 11542, condition=new, state=ok, price=3.86), Product(id=25701, name=product 25701, condition=new, state=ok, price=3.86), Product(id=76706, name=product 76706, condition=new, state=ok, price=3.86), Product(id=10260, name=product 10260, condition=new, state=ok, price=3.87), Product(id=1541, name=product 1541, condition=new, state=ok, price=3.87), Product(id=62883, name=product 62883, condition=new, state=ok, price=3.88), Product(id=78739, name=product 78739, condition=new, state=ok, price=3.88), Product(id=8299, name=product 8299, condition=new, state=ok, price=3.88), Product(id=2591, name=product 2591, condition=new, state=ok, price=3.89), Product(id=62839, name=product 62839, condition=new, state=ok, price=3.89), Product(id=33697, name=product 33697, condition=new, state=ok, price=3.9), Product(id=49252, name=product 49252, condition=new, state=ok, price=3.9), Product(id=65, name=product 65, condition=new, state=ok, price=3.91), Product(id=11650, name=product 11650, condition=new, state=ok, price=3.92), Product(id=35938, name=product 35938, condition=new, state=ok, price=3.92), Product(id=44514, name=product 44514, condition=new, state=ok, price=3.92), Product(id=11942, name=product 11942, condition=new, state=ok, price=3.93), Product(id=16921, name=product 16921, condition=new, state=ok, price=3.93), Product(id=33134, name=product 33134, condition=new, state=ok, price=3.93), Product(id=3975, name=product 3975, condition=new, state=ok, price=3.93), Product(id=20027, name=product 20027, condition=new, state=ok, price=3.94), Product(id=67334, name=product 67334, condition=new, state=ok, price=3.94), Product(id=72331, name=product 72331, condition=new, state=ok, price=3.94), Product(id=19383, name=product 19383, condition=new, state=ok, price=3.95), Product(id=21666, name=product 21666, condition=new, state=ok, price=3.95), Product(id=71865, name=product 71865, condition=new, state=ok, price=3.95), Product(id=79542, name=product 79542, condition=new, state=ok, price=3.95), Product(id=2367, name=product 2367, condition=new, state=ok, price=3.97), Product(id=6201, name=product 6201, condition=new, state=ok, price=3.97), Product(id=15675, name=product 15675, condition=new, state=ok, price=3.98), Product(id=24529, name=product 24529, condition=new, state=ok, price=3.98), Product(id=3559, name=product 3559, condition=new, state=ok, price=3.98), Product(id=77303, name=product 77303, condition=new, state=ok, price=3.98), Product(id=84475, name=product 84475, condition=new, state=ok, price=3.98), Product(id=9319, name=product 9319, condition=new, state=ok, price=4.0), Product(id=72037, name=product 72037, condition=new, state=ok, price=4.01), Product(id=76516, name=product 76516, condition=new, state=ok, price=4.02), Product(id=84553, name=product 84553, condition=new, state=ok, price=4.02), Product(id=88615, name=product 88615, condition=new, state=ok, price=4.02), Product(id=93204, name=product 93204, condition=new, state=ok, price=4.02), Product(id=3019, name=product 3019, condition=new, state=ok, price=4.03), Product(id=7713, name=product 7713, condition=new, state=ok, price=4.03), Product(id=23887, name=product 23887, condition=new, state=ok, price=4.04), Product(id=27463, name=product 27463, condition=new, state=ok, price=4.04), Product(id=25838, name=product 25838, condition=new, state=ok, price=4.05), Product(id=33017, name=product 33017, condition=new, state=ok, price=4.05), Product(id=58794, name=product 58794, condition=new, state=ok, price=4.05), Product(id=75209, name=product 75209, condition=new, state=ok, price=4.06), Product(id=15255, name=product 15255, condition=new, state=ok, price=4.08), Product(id=46672, name=product 46672, condition=new, state=ok, price=4.08), Product(id=52135, name=product 52135, condition=new, state=ok, price=4.08), Product(id=8009, name=product 8009, condition=new, state=ok, price=4.08), Product(id=81498, name=product 81498, condition=new, state=ok, price=4.08), Product(id=24173, name=product 24173, condition=new, state=ok, price=4.09), Product(id=33305, name=product 33305, condition=new, state=ok, price=4.09), Product(id=65819, name=product 65819, condition=new, state=ok, price=4.09), Product(id=17776, name=product 17776, condition=new, state=ok, price=4.1), Product(id=45459, name=product 45459, condition=new, state=ok, price=4.1), Product(id=25090, name=product 25090, condition=new, state=ok, price=4.11), Product(id=95651, name=product 95651, condition=new, state=ok, price=4.11), Product(id=13359, name=product 13359, condition=new, state=ok, price=4.12), Product(id=21549, name=product 21549, condition=new, state=ok, price=4.12), Product(id=10570, name=product 10570, condition=new, state=ok, price=4.14), Product(id=37961, name=product 37961, condition=new, state=ok, price=4.14), Product(id=24690, name=product 24690, condition=new, state=ok, price=4.15), Product(id=10868, name=product 10868, condition=new, state=ok, price=4.16), Product(id=1219, name=product 1219, condition=new, state=ok, price=4.16), Product(id=7704, name=product 7704, condition=new, state=ok, price=4.16), Product(id=54350, name=product 54350, condition=new, state=ok, price=4.17), Product(id=9443, name=product 9443, condition=new, state=ok, price=4.17), Product(id=19658, name=product 19658, condition=new, state=ok, price=4.18), Product(id=31585, name=product 31585, condition=new, state=ok, price=4.19), Product(id=27372, name=product 27372, condition=new, state=ok, price=4.2), Product(id=11826, name=product 11826, condition=new, state=ok, price=4.23), Product(id=21367, name=product 21367, condition=new, state=ok, price=4.23), Product(id=23819, name=product 23819, condition=new, state=ok, price=4.23), Product(id=71190, name=product 71190, condition=new, state=ok, price=4.23), Product(id=38945, name=product 38945, condition=new, state=ok, price=4.24), Product(id=19399, name=product 19399, condition=new, state=ok, price=4.25), Product(id=57183, name=product 57183, condition=new, state=ok, price=4.26), Product(id=93649, name=product 93649, condition=new, state=ok, price=4.26), Product(id=20605, name=product 20605, condition=new, state=ok, price=4.27), Product(id=52349, name=product 52349, condition=new, state=ok, price=4.27), Product(id=8309, name=product 8309, condition=new, state=ok, price=4.27), Product(id=83254, name=product 83254, condition=new, state=ok, price=4.27), Product(id=17138, name=product 17138, condition=new, state=ok, price=4.28), Product(id=22870, name=product 22870, condition=new, state=ok, price=4.28), Product(id=4122, name=product 4122, condition=new, state=ok, price=4.28), Product(id=29606, name=product 29606, condition=new, state=ok, price=4.3), Product(id=33123, name=product 33123, condition=new, state=ok, price=4.3), Product(id=46395, name=product 46395, condition=new, state=ok, price=4.3), Product(id=19024, name=product 19024, condition=new, state=ok, price=4.31), Product(id=2946, name=product 2946, condition=new, state=ok, price=4.31), Product(id=37977, name=product 37977, condition=new, state=ok, price=4.32), Product(id=4284, name=product 4284, condition=new, state=ok, price=4.32), Product(id=38849, name=product 38849, condition=new, state=ok, price=4.34), Product(id=47188, name=product 47188, condition=new, state=ok, price=4.34), Product(id=71638, name=product 71638, condition=new, state=ok, price=4.34), Product(id=10803, name=product 10803, condition=new, state=ok, price=4.35), Product(id=1251, name=product 1251, condition=new, state=ok, price=4.35), Product(id=28716, name=product 28716, condition=new, state=ok, price=4.35), Product(id=53300, name=product 53300, condition=new, state=ok, price=4.35), Product(id=59718, name=product 59718, condition=new, state=ok, price=4.35), Product(id=886, name=product 886, condition=new, state=ok, price=4.35), Product(id=7005, name=product 7005, condition=new, state=ok, price=4.37), Product(id=99842, name=product 99842, condition=new, state=ok, price=4.38), Product(id=20827, name=product 20827, condition=new, state=ok, price=4.39), Product(id=21843, name=product 21843, condition=new, state=ok, price=4.39), Product(id=2350, name=product 2350, condition=new, state=ok, price=4.39), Product(id=2947, name=product 2947, condition=new, state=ok, price=4.39), Product(id=3126, name=product 3126, condition=new, state=ok, price=4.39), Product(id=13620, name=product 13620, condition=new, state=ok, price=4.4), Product(id=3290, name=product 3290, condition=new, state=ok, price=4.4), Product(id=17939, name=product 17939, condition=new, state=ok, price=4.41), Product(id=3465, name=product 3465, condition=new, state=ok, price=4.41), Product(id=48794, name=product 48794, condition=new, state=ok, price=4.41), Product(id=19222, name=product 19222, condition=new, state=ok, price=4.42), Product(id=24057, name=product 24057, condition=new, state=ok, price=4.42), Product(id=57615, name=product 57615, condition=new, state=ok, price=4.42), Product(id=88964, name=product 88964, condition=new, state=ok, price=4.42), Product(id=23766, name=product 23766, condition=new, state=ok, price=4.44), Product(id=22398, name=product 22398, condition=new, state=ok, price=4.45), Product(id=6078, name=product 6078, condition=new, state=ok, price=4.45), Product(id=91073, name=product 91073, condition=new, state=ok, price=4.45), Product(id=94647, name=product 94647, condition=new, state=ok, price=4.45), Product(id=27911, name=product 27911, condition=new, state=ok, price=4.46), Product(id=19864, name=product 19864, condition=new, state=ok, price=4.47), Product(id=5672, name=product 5672, condition=new, state=ok, price=4.47), Product(id=14830, name=product 14830, condition=new, state=ok, price=4.48), Product(id=29096, name=product 29096, condition=new, state=ok, price=4.48), Product(id=4645, name=product 4645, condition=new, state=ok, price=4.48), Product(id=75346, name=product 75346, condition=new, state=ok, price=4.48), Product(id=48417, name=product 48417, condition=new, state=ok, price=4.51), Product(id=270, name=product 270, condition=new, state=ok, price=4.52), Product(id=17897, name=product 17897, condition=new, state=ok, price=4.53), Product(id=53809, name=product 53809, condition=new, state=ok, price=4.53), Product(id=75638, name=product 75638, condition=new, state=ok, price=4.53), Product(id=37935, name=product 37935, condition=new, state=ok, price=4.54), Product(id=2950, name=product 2950, condition=new, state=ok, price=4.55), Product(id=5339, name=product 5339, condition=new, state=ok, price=4.55), Product(id=1256, name=product 1256, condition=new, state=ok, price=4.56), Product(id=13686, name=product 13686, condition=new, state=ok, price=4.56), Product(id=3478, name=product 3478, condition=new, state=ok, price=4.56), Product(id=48384, name=product 48384, condition=new, state=ok, price=4.57), Product(id=1370, name=product 1370, condition=new, state=ok, price=4.58), Product(id=2447, name=product 2447, condition=new, state=ok, price=4.58), Product(id=3984, name=product 3984, condition=new, state=ok, price=4.59), Product(id=96921, name=product 96921, condition=new, state=ok, price=4.59), Product(id=45941, name=product 45941, condition=new, state=ok, price=4.6), Product(id=19803, name=product 19803, condition=new, state=ok, price=4.61), Product(id=33226, name=product 33226, condition=new, state=ok, price=4.61), Product(id=94164, name=product 94164, condition=new, state=ok, price=4.61), Product(id=93437, name=product 93437, condition=new, state=ok, price=4.63), Product(id=23158, name=product 23158, condition=new, state=ok, price=4.65), Product(id=31597, name=product 31597, condition=new, state=ok, price=4.65), Product(id=32378, name=product 32378, condition=new, state=ok, price=4.66), Product(id=6989, name=product 6989, condition=new, state=ok, price=4.66), Product(id=48711, name=product 48711, condition=new, state=ok, price=4.67), Product(id=6689, name=product 6689, condition=new, state=ok, price=4.67), Product(id=72602, name=product 72602, condition=new, state=ok, price=4.68), Product(id=7876, name=product 7876, condition=new, state=ok, price=4.68), Product(id=99324, name=product 99324, condition=new, state=ok, price=4.68), Product(id=54595, name=product 54595, condition=new, state=ok, price=4.69), Product(id=4898, name=product 4898, condition=new, state=ok, price=4.71), Product(id=33342, name=product 33342, condition=new, state=ok, price=4.73), Product(id=40396, name=product 40396, condition=new, state=ok, price=4.73), Product(id=94146, name=product 94146, condition=new, state=ok, price=4.73), Product(id=15886, name=product 15886, condition=new, state=ok, price=4.74), Product(id=40572, name=product 40572, condition=new, state=ok, price=4.74), Product(id=8530, name=product 8530, condition=new, state=ok, price=4.74), Product(id=1961, name=product 1961, condition=new, state=ok, price=4.75), Product(id=2176, name=product 2176, condition=new, state=ok, price=4.76), Product(id=28564, name=product 28564, condition=new, state=ok, price=4.76), Product(id=48448, name=product 48448, condition=new, state=ok, price=4.76), Product(id=86475, name=product 86475, condition=new, state=ok, price=4.76), Product(id=36622, name=product 36622, condition=new, state=ok, price=4.77), Product(id=2179, name=product 2179, condition=new, state=ok, price=4.78), Product(id=21967, name=product 21967, condition=new, state=ok, price=4.78), Product(id=2353, name=product 2353, condition=new, state=ok, price=4.78), Product(id=23349, name=product 23349, condition=new, state=ok, price=4.79), Product(id=50094, name=product 50094, condition=new, state=ok, price=4.79), Product(id=13381, name=product 13381, condition=new, state=ok, price=4.8), Product(id=23853, name=product 23853, condition=new, state=ok, price=4.81), Product(id=44604, name=product 44604, condition=new, state=ok, price=4.81), Product(id=74635, name=product 74635, condition=new, state=ok, price=4.81), Product(id=1799, name=product 1799, condition=new, state=ok, price=4.82), Product(id=23094, name=product 23094, condition=new, state=ok, price=4.83), Product(id=27123, name=product 27123, condition=new, state=ok, price=4.83), Product(id=28366, name=product 28366, condition=new, state=ok, price=4.83), Product(id=43258, name=product 43258, condition=new, state=ok, price=4.83), Product(id=2491, name=product 2491, condition=new, state=ok, price=4.84), Product(id=76522, name=product 76522, condition=new, state=ok, price=4.85), Product(id=80012, name=product 80012, condition=new, state=ok, price=4.85), Product(id=1275, name=product 1275, condition=new, state=ok, price=4.86), Product(id=6052, name=product 6052, condition=new, state=ok, price=4.86), Product(id=74420, name=product 74420, condition=new, state=ok, price=4.86), Product(id=964, name=product 964, condition=new, state=ok, price=4.86), Product(id=50097, name=product 50097, condition=new, state=ok, price=4.87), Product(id=92832, name=product 92832, condition=new, state=ok, price=4.87), Product(id=15755, name=product 15755, condition=new, state=ok, price=4.88), Product(id=21592, name=product 21592, condition=new, state=ok, price=4.88), Product(id=36644, name=product 36644, condition=new, state=ok, price=4.88), Product(id=59, name=product 59, condition=new, state=ok, price=4.88), Product(id=60138, name=product 60138, condition=new, state=ok, price=4.88), Product(id=67230, name=product 67230, condition=new, state=ok, price=4.88), Product(id=9870, name=product 9870, condition=new, state=ok, price=4.89), Product(id=18174, name=product 18174, condition=new, state=ok, price=4.91), Product(id=65772, name=product 65772, condition=new, state=ok, price=4.91), Product(id=87257, name=product 87257, condition=new, state=ok, price=4.91), Product(id=4784, name=product 4784, condition=new, state=ok, price=4.93), Product(id=5398, name=product 5398, condition=new, state=ok, price=4.93), Product(id=70441, name=product 70441, condition=new, state=ok, price=4.93), Product(id=11854, name=product 11854, condition=new, state=ok, price=4.94), Product(id=15434, name=product 15434, condition=new, state=ok, price=4.94), Product(id=27766, name=product 27766, condition=new, state=ok, price=4.94), Product(id=29221, name=product 29221, condition=new, state=ok, price=4.94), Product(id=6491, name=product 6491, condition=new, state=ok, price=4.97), Product(id=11466, name=product 11466, condition=new, state=ok, price=4.98), Product(id=12196, name=product 12196, condition=new, state=ok, price=4.98), Product(id=12297, name=product 12297, condition=new, state=ok, price=4.98), Product(id=1820, name=product 1820, condition=new, state=ok, price=5.0)]&gt;
	at org.junit.Assert.fail(Assert.java:88)
	at org.junit.Assert.failNotEquals(Assert.java:834)
	at org.junit.Assert.assertEquals(Assert.java:118)
	at org.junit.Assert.assertEquals(Assert.java:144)
	at net.ddns.arnautovevgeny.pricelist.AutomationTest.producerConsumer(AutomationTest.java:251)
	at net.ddns.arnautovevgeny.pricelist.AutomationTest.testViaProducerConsumerLoadBalancer(AutomationTest.java:261)
	at java.base/jdk.internal.reflect.NativeMethodAccessorImpl.invoke0(Native Method)
	at java.base/jdk.internal.reflect.NativeMethodAccessorImpl.invoke(NativeMethodAccessorImpl.java:62)
	at java.base/jdk.internal.reflect.DelegatingMethodAccessorImpl.invoke(DelegatingMethodAccessorImpl.java:43)
	at java.base/java.lang.reflect.Method.invoke(Method.java:566)
	at org.junit.runners.model.FrameworkMethod$1.runReflectiveCall(FrameworkMethod.java:50)
	at org.junit.internal.runners.model.ReflectiveCallable.run(ReflectiveCallable.java:12)
	at org.junit.runners.model.FrameworkMethod.invokeExplosively(FrameworkMethod.java:47)
	at org.junit.internal.runners.statements.InvokeMethod.evaluate(InvokeMethod.java:17)
	at org.junit.internal.runners.statements.RunBefores.evaluate(RunBefores.java:26)
	at org.junit.internal.runners.statements.RunAfters.evaluate(RunAfters.java:27)
	at org.junit.runners.ParentRunner.runLeaf(ParentRunner.java:325)
	at org.junit.runners.BlockJUnit4ClassRunner.runChild(BlockJUnit4ClassRunner.java:78)
	at org.junit.runners.BlockJUnit4ClassRunner.runChild(BlockJUnit4ClassRunner.java:57)
	at org.junit.runners.ParentRunner$3.run(ParentRunner.java:290)
	at org.junit.runners.ParentRunner$1.schedule(ParentRunner.java:71)
	at org.junit.runners.ParentRunner.runChildren(ParentRunner.java:288)
	at org.junit.runners.ParentRunner.access$000(ParentRunner.java:58)
	at org.junit.runners.ParentRunner$2.evaluate(ParentRunner.java:268)
	at org.junit.runners.ParentRunner.run(ParentRunner.java:363)
	at org.apache.maven.surefire.junit4.JUnit4Provider.execute(JUnit4Provider.java:252)
	at org.apache.maven.surefire.junit4.JUnit4Provider.executeTestSet(JUnit4Provider.java:141)
	at org.apache.maven.surefire.junit4.JUnit4Provider.invoke(JUnit4Provider.java:112)
	at java.base/jdk.internal.reflect.NativeMethodAccessorImpl.invoke0(Native Method)
	at java.base/jdk.internal.reflect.NativeMethodAccessorImpl.invoke(NativeMethodAccessorImpl.java:62)
	at java.base/jdk.internal.reflect.DelegatingMethodAccessorImpl.invoke(DelegatingMethodAccessorImpl.java:43)
	at java.base/java.lang.reflect.Method.invoke(Method.java:566)
	at org.apache.maven.surefire.util.ReflectionUtils.invokeMethodWithArray(ReflectionUtils.java:189)
	at org.apache.maven.surefire.booter.ProviderFactory$ProviderProxy.invoke(ProviderFactory.java:165)
	at org.apache.maven.surefire.booter.ProviderFactory.invokeProvider(ProviderFactory.java:85)
	at org.apache.maven.surefire.booter.ForkedBooter.runSuitesInProcess(ForkedBooter.java:115)
	at org.apache.maven.surefire.booter.ForkedBooter.main(ForkedBooter.java:75)
</failure>
  </testcase>
</testsuite>